<?xml version="1.0" encoding="UTF-8"?>
<testng-results skipped="0" failed="0" total="1" passed="1">
  <reporter-output>
  </reporter-output>
  <suite name="Default suite" duration-ms="27882" started-at="2019-02-26T07:52:11Z" finished-at="2019-02-26T07:52:39Z">
    <groups>
    </groups>
    <test name="Default test" duration-ms="27882" started-at="2019-02-26T07:52:11Z" finished-at="2019-02-26T07:52:39Z">
      <class name="browser.Login">
        <test-method status="PASS" signature="beforeTest()[pri:0, instance:browser.Login@7dc36524]" name="beforeTest" is-config="true" duration-ms="15" started-at="2019-02-26T13:22:11Z" finished-at="2019-02-26T13:22:11Z">
          <reporter-output>
          </reporter-output>
        </test-method> <!-- beforeTest -->
        <test-method status="PASS" signature="beforeMethod()[pri:0, instance:browser.Login@7dc36524]" name="beforeMethod" is-config="true" duration-ms="8712" started-at="2019-02-26T13:22:11Z" finished-at="2019-02-26T13:22:20Z">
          <reporter-output>
          </reporter-output>
        </test-method> <!-- beforeMethod -->
        <test-method status="PASS" signature="loginPage(java.lang.String, java.lang.String)[pri:0, instance:browser.Login@7dc36524]" name="loginPage" duration-ms="18393" started-at="2019-02-26T13:22:20Z" data-provider="newTourData" finished-at="2019-02-26T13:22:38Z">
          <params>
            <param index="0">
              <value>
                <![CDATA[demo]]>
              </value>
            </param>
            <param index="1">
              <value>
                <![CDATA[demo]]>
              </value>
            </param>
          </params>
          <reporter-output>
          </reporter-output>
        </test-method> <!-- loginPage -->
        <test-method status="PASS" signature="afterMethod()[pri:0, instance:browser.Login@7dc36524]" name="afterMethod" is-config="true" duration-ms="746" started-at="2019-02-26T13:22:38Z" finished-at="2019-02-26T13:22:39Z">
          <reporter-output>
          </reporter-output>
        </test-method> <!-- afterMethod -->
      </class> <!-- browser.Login -->
    </test> <!-- Default test -->
  </suite> <!-- Default suite -->
</testng-results>
